2024-03-10 10:36:13,097:ERROR:10.0.0.1 cihazýna baðlanýrken hata oluþtu: TCP connection to device failed.

Common causes of this problem are:
1. Incorrect hostname or IP address.
2. Wrong TCP port.
3. Intermediate firewall blocking access.

Device settings: cisco_ios 10.0.0.1:22


2024-03-10 10:36:23,122:ERROR:10.0.0.2 cihazýna baðlanýrken hata oluþtu: TCP connection to device failed.

Common causes of this problem are:
1. Incorrect hostname or IP address.
2. Wrong TCP port.
3. Intermediate firewall blocking access.

Device settings: cisco_ios 10.0.0.2:22


2024-03-10 10:36:23,139:ERROR:10.35.17.254 cihazýna baðlanýrken hata oluþtu: Unsupported 'device_type' currently supported platforms are: 
a10
accedian
adtran_os
adva_fsp150f2
adva_fsp150f3
alcatel_aos
alcatel_sros
allied_telesis_awplus
apresia_aeos
arista_eos
arris_cer
aruba_os
aruba_osswitch
aruba_procurve
audiocode_66
audiocode_72
audiocode_shell
avaya_ers
avaya_vsp
broadcom_icos
brocade_fastiron
brocade_fos
brocade_netiron
brocade_nos
brocade_vdx
brocade_vyos
calix_b6
casa_cmts
cdot_cros
centec_os
checkpoint_gaia
ciena_saos
cisco_asa
cisco_ftd
cisco_ios
cisco_nxos
cisco_s200
cisco_s300
cisco_tp
cisco_viptela
cisco_wlc
cisco_xe
cisco_xr
cloudgenix_ion
coriant
dell_dnos9
dell_force10
dell_isilon
dell_os10
dell_os6
dell_os9
dell_powerconnect
dell_sonic
digi_transport
dlink_ds
eltex
eltex_esr
endace
enterasys
ericsson_ipos
ericsson_mltn63
ericsson_mltn66
extreme
extreme_ers
extreme_exos
extreme_netiron
extreme_nos
extreme_slx
extreme_tierra
extreme_vdx
extreme_vsp
extreme_wing
f5_linux
f5_ltm
f5_tmsh
fiberstore_fsos
flexvnf
fortinet
generic
generic_termserver
hillstone_stoneos
hp_comware
hp_procurve
huawei
huawei_olt
huawei_smartax
huawei_vrp
huawei_vrpv8
ipinfusion_ocnos
juniper
juniper_junos
juniper_screenos
keymile
keymile_nos
linux
maipu
mellanox
mellanox_mlnxos
mikrotik_routeros
mikrotik_switchos
mrv_lx
mrv_optiswitch
netapp_cdot
netgear_prosafe
netscaler
nokia_srl
nokia_sros
oneaccess_oneos
ovs_linux
paloalto_panos
pluribus
quanta_mesh
rad_etx
raisecom_roap
ruckus_fastiron
ruijie_os
sixwind_os
sophos_sfos
supermicro_smis
teldat_cit
tplink_jetstream
ubiquiti_edge
ubiquiti_edgerouter
ubiquiti_edgeswitch
ubiquiti_unifiswitch
vyatta_vyos
vyos
watchguard_fireware
yamaha
zte_zxros
zyxel_os
2024-03-10 11:30:31,983:INFO:Döngü süresi: 5 saat
2024-03-10 11:30:31,984:INFO:10.0.0.1 cihazýna baðlanýlýyor...
2024-03-10 11:30:41,998:INFO:10.0.0.1 cihazýna baðlanýrken hata oluþtu: TCP connection to device failed.

Common causes of this problem are:
1. Incorrect hostname or IP address.
2. Wrong TCP port.
3. Intermediate firewall blocking access.

Device settings: cisco_ios 10.0.0.1:22


2024-03-10 11:30:42,001:INFO:10.0.0.2 cihazýna baðlanýlýyor...
2024-03-10 11:30:52,010:INFO:10.0.0.2 cihazýna baðlanýrken hata oluþtu: TCP connection to device failed.

Common causes of this problem are:
1. Incorrect hostname or IP address.
2. Wrong TCP port.
3. Intermediate firewall blocking access.

Device settings: cisco_ios 10.0.0.2:22


2024-03-10 11:30:52,014:INFO:10.35.17.254 cihazýna baðlanýlýyor...
2024-03-10 11:30:52,018:INFO:10.35.17.254 cihazýna baðlanýrken hata oluþtu: Unsupported 'device_type' currently supported platforms are: 
a10
accedian
adtran_os
adva_fsp150f2
adva_fsp150f3
alcatel_aos
alcatel_sros
allied_telesis_awplus
apresia_aeos
arista_eos
arris_cer
aruba_os
aruba_osswitch
aruba_procurve
audiocode_66
audiocode_72
audiocode_shell
avaya_ers
avaya_vsp
broadcom_icos
brocade_fastiron
brocade_fos
brocade_netiron
brocade_nos
brocade_vdx
brocade_vyos
calix_b6
casa_cmts
cdot_cros
centec_os
checkpoint_gaia
ciena_saos
cisco_asa
cisco_ftd
cisco_ios
cisco_nxos
cisco_s200
cisco_s300
cisco_tp
cisco_viptela
cisco_wlc
cisco_xe
cisco_xr
cloudgenix_ion
coriant
dell_dnos9
dell_force10
dell_isilon
dell_os10
dell_os6
dell_os9
dell_powerconnect
dell_sonic
digi_transport
dlink_ds
eltex
eltex_esr
endace
enterasys
ericsson_ipos
ericsson_mltn63
ericsson_mltn66
extreme
extreme_ers
extreme_exos
extreme_netiron
extreme_nos
extreme_slx
extreme_tierra
extreme_vdx
extreme_vsp
extreme_wing
f5_linux
f5_ltm
f5_tmsh
fiberstore_fsos
flexvnf
fortinet
generic
generic_termserver
hillstone_stoneos
hp_comware
hp_procurve
huawei
huawei_olt
huawei_smartax
huawei_vrp
huawei_vrpv8
ipinfusion_ocnos
juniper
juniper_junos
juniper_screenos
keymile
keymile_nos
linux
maipu
mellanox
mellanox_mlnxos
mikrotik_routeros
mikrotik_switchos
mrv_lx
mrv_optiswitch
netapp_cdot
netgear_prosafe
netscaler
nokia_srl
nokia_sros
oneaccess_oneos
ovs_linux
paloalto_panos
pluribus
quanta_mesh
rad_etx
raisecom_roap
ruckus_fastiron
ruijie_os
sixwind_os
sophos_sfos
supermicro_smis
teldat_cit
tplink_jetstream
ubiquiti_edge
ubiquiti_edgerouter
ubiquiti_edgeswitch
ubiquiti_unifiswitch
vyatta_vyos
vyos
watchguard_fireware
yamaha
zte_zxros
zyxel_os
2024-03-10 11:32:52,326:INFO:Döngü süresi: 18000.0 saat
2024-03-10 11:32:52,327:INFO:10.0.0.1 cihazýna baðlanýlýyor...
2024-03-10 11:33:02,338:INFO:10.0.0.1 cihazýna baðlanýrken hata oluþtu: TCP connection to device failed.

Common causes of this problem are:
1. Incorrect hostname or IP address.
2. Wrong TCP port.
3. Intermediate firewall blocking access.

Device settings: cisco_ios 10.0.0.1:22


2024-03-10 11:33:02,339:INFO:10.0.0.2 cihazýna baðlanýlýyor...
2024-03-10 11:33:12,353:INFO:10.0.0.2 cihazýna baðlanýrken hata oluþtu: TCP connection to device failed.

Common causes of this problem are:
1. Incorrect hostname or IP address.
2. Wrong TCP port.
3. Intermediate firewall blocking access.

Device settings: cisco_ios 10.0.0.2:22


2024-03-10 11:33:12,358:INFO:10.35.17.254 cihazýna baðlanýlýyor...
2024-03-10 11:33:12,361:INFO:10.35.17.254 cihazýna baðlanýrken hata oluþtu: Unsupported 'device_type' currently supported platforms are: 
a10
accedian
adtran_os
adva_fsp150f2
adva_fsp150f3
alcatel_aos
alcatel_sros
allied_telesis_awplus
apresia_aeos
arista_eos
arris_cer
aruba_os
aruba_osswitch
aruba_procurve
audiocode_66
audiocode_72
audiocode_shell
avaya_ers
avaya_vsp
broadcom_icos
brocade_fastiron
brocade_fos
brocade_netiron
brocade_nos
brocade_vdx
brocade_vyos
calix_b6
casa_cmts
cdot_cros
centec_os
checkpoint_gaia
ciena_saos
cisco_asa
cisco_ftd
cisco_ios
cisco_nxos
cisco_s200
cisco_s300
cisco_tp
cisco_viptela
cisco_wlc
cisco_xe
cisco_xr
cloudgenix_ion
coriant
dell_dnos9
dell_force10
dell_isilon
dell_os10
dell_os6
dell_os9
dell_powerconnect
dell_sonic
digi_transport
dlink_ds
eltex
eltex_esr
endace
enterasys
ericsson_ipos
ericsson_mltn63
ericsson_mltn66
extreme
extreme_ers
extreme_exos
extreme_netiron
extreme_nos
extreme_slx
extreme_tierra
extreme_vdx
extreme_vsp
extreme_wing
f5_linux
f5_ltm
f5_tmsh
fiberstore_fsos
flexvnf
fortinet
generic
generic_termserver
hillstone_stoneos
hp_comware
hp_procurve
huawei
huawei_olt
huawei_smartax
huawei_vrp
huawei_vrpv8
ipinfusion_ocnos
juniper
juniper_junos
juniper_screenos
keymile
keymile_nos
linux
maipu
mellanox
mellanox_mlnxos
mikrotik_routeros
mikrotik_switchos
mrv_lx
mrv_optiswitch
netapp_cdot
netgear_prosafe
netscaler
nokia_srl
nokia_sros
oneaccess_oneos
ovs_linux
paloalto_panos
pluribus
quanta_mesh
rad_etx
raisecom_roap
ruckus_fastiron
ruijie_os
sixwind_os
sophos_sfos
supermicro_smis
teldat_cit
tplink_jetstream
ubiquiti_edge
ubiquiti_edgerouter
ubiquiti_edgeswitch
ubiquiti_unifiswitch
vyatta_vyos
vyos
watchguard_fireware
yamaha
zte_zxros
zyxel_os
2024-03-10 11:33:53,746:INFO:Döngü süresi: 64800000.0 saat
2024-03-10 11:33:53,748:INFO:10.0.0.1 cihazýna baðlanýlýyor...
2024-03-10 11:34:03,767:INFO:10.0.0.1 cihazýna baðlanýrken hata oluþtu: TCP connection to device failed.

Common causes of this problem are:
1. Incorrect hostname or IP address.
2. Wrong TCP port.
3. Intermediate firewall blocking access.

Device settings: cisco_ios 10.0.0.1:22


2024-03-10 11:34:03,771:INFO:10.0.0.2 cihazýna baðlanýlýyor...
2024-03-10 11:34:13,790:INFO:10.0.0.2 cihazýna baðlanýrken hata oluþtu: TCP connection to device failed.

Common causes of this problem are:
1. Incorrect hostname or IP address.
2. Wrong TCP port.
3. Intermediate firewall blocking access.

Device settings: cisco_ios 10.0.0.2:22


2024-03-10 11:34:13,794:INFO:10.35.17.254 cihazýna baðlanýlýyor...
2024-03-10 11:34:13,798:INFO:10.35.17.254 cihazýna baðlanýrken hata oluþtu: Unsupported 'device_type' currently supported platforms are: 
a10
accedian
adtran_os
adva_fsp150f2
adva_fsp150f3
alcatel_aos
alcatel_sros
allied_telesis_awplus
apresia_aeos
arista_eos
arris_cer
aruba_os
aruba_osswitch
aruba_procurve
audiocode_66
audiocode_72
audiocode_shell
avaya_ers
avaya_vsp
broadcom_icos
brocade_fastiron
brocade_fos
brocade_netiron
brocade_nos
brocade_vdx
brocade_vyos
calix_b6
casa_cmts
cdot_cros
centec_os
checkpoint_gaia
ciena_saos
cisco_asa
cisco_ftd
cisco_ios
cisco_nxos
cisco_s200
cisco_s300
cisco_tp
cisco_viptela
cisco_wlc
cisco_xe
cisco_xr
cloudgenix_ion
coriant
dell_dnos9
dell_force10
dell_isilon
dell_os10
dell_os6
dell_os9
dell_powerconnect
dell_sonic
digi_transport
dlink_ds
eltex
eltex_esr
endace
enterasys
ericsson_ipos
ericsson_mltn63
ericsson_mltn66
extreme
extreme_ers
extreme_exos
extreme_netiron
extreme_nos
extreme_slx
extreme_tierra
extreme_vdx
extreme_vsp
extreme_wing
f5_linux
f5_ltm
f5_tmsh
fiberstore_fsos
flexvnf
fortinet
generic
generic_termserver
hillstone_stoneos
hp_comware
hp_procurve
huawei
huawei_olt
huawei_smartax
huawei_vrp
huawei_vrpv8
ipinfusion_ocnos
juniper
juniper_junos
juniper_screenos
keymile
keymile_nos
linux
maipu
mellanox
mellanox_mlnxos
mikrotik_routeros
mikrotik_switchos
mrv_lx
mrv_optiswitch
netapp_cdot
netgear_prosafe
netscaler
nokia_srl
nokia_sros
oneaccess_oneos
ovs_linux
paloalto_panos
pluribus
quanta_mesh
rad_etx
raisecom_roap
ruckus_fastiron
ruijie_os
sixwind_os
sophos_sfos
supermicro_smis
teldat_cit
tplink_jetstream
ubiquiti_edge
ubiquiti_edgerouter
ubiquiti_edgeswitch
ubiquiti_unifiswitch
vyatta_vyos
vyos
watchguard_fireware
yamaha
zte_zxros
zyxel_os
2024-03-10 11:35:14,312:INFO:Döngü süresi: 12960000.0 saat
2024-03-10 11:35:14,313:INFO:10.0.0.1 cihazýna baðlanýlýyor...
2024-03-10 11:35:24,323:INFO:10.0.0.1 cihazýna baðlanýrken hata oluþtu: TCP connection to device failed.

Common causes of this problem are:
1. Incorrect hostname or IP address.
2. Wrong TCP port.
3. Intermediate firewall blocking access.

Device settings: cisco_ios 10.0.0.1:22


2024-03-10 11:35:24,328:INFO:10.0.0.2 cihazýna baðlanýlýyor...
2024-03-10 11:35:34,332:INFO:10.0.0.2 cihazýna baðlanýrken hata oluþtu: TCP connection to device failed.

Common causes of this problem are:
1. Incorrect hostname or IP address.
2. Wrong TCP port.
3. Intermediate firewall blocking access.

Device settings: cisco_ios 10.0.0.2:22


2024-03-10 11:35:34,335:INFO:10.35.17.254 cihazýna baðlanýlýyor...
2024-03-10 11:35:34,340:INFO:10.35.17.254 cihazýna baðlanýrken hata oluþtu: Unsupported 'device_type' currently supported platforms are: 
a10
accedian
adtran_os
adva_fsp150f2
adva_fsp150f3
alcatel_aos
alcatel_sros
allied_telesis_awplus
apresia_aeos
arista_eos
arris_cer
aruba_os
aruba_osswitch
aruba_procurve
audiocode_66
audiocode_72
audiocode_shell
avaya_ers
avaya_vsp
broadcom_icos
brocade_fastiron
brocade_fos
brocade_netiron
brocade_nos
brocade_vdx
brocade_vyos
calix_b6
casa_cmts
cdot_cros
centec_os
checkpoint_gaia
ciena_saos
cisco_asa
cisco_ftd
cisco_ios
cisco_nxos
cisco_s200
cisco_s300
cisco_tp
cisco_viptela
cisco_wlc
cisco_xe
cisco_xr
cloudgenix_ion
coriant
dell_dnos9
dell_force10
dell_isilon
dell_os10
dell_os6
dell_os9
dell_powerconnect
dell_sonic
digi_transport
dlink_ds
eltex
eltex_esr
endace
enterasys
ericsson_ipos
ericsson_mltn63
ericsson_mltn66
extreme
extreme_ers
extreme_exos
extreme_netiron
extreme_nos
extreme_slx
extreme_tierra
extreme_vdx
extreme_vsp
extreme_wing
f5_linux
f5_ltm
f5_tmsh
fiberstore_fsos
flexvnf
fortinet
generic
generic_termserver
hillstone_stoneos
hp_comware
hp_procurve
huawei
huawei_olt
huawei_smartax
huawei_vrp
huawei_vrpv8
ipinfusion_ocnos
juniper
juniper_junos
juniper_screenos
keymile
keymile_nos
linux
maipu
mellanox
mellanox_mlnxos
mikrotik_routeros
mikrotik_switchos
mrv_lx
mrv_optiswitch
netapp_cdot
netgear_prosafe
netscaler
nokia_srl
nokia_sros
oneaccess_oneos
ovs_linux
paloalto_panos
pluribus
quanta_mesh
rad_etx
raisecom_roap
ruckus_fastiron
ruijie_os
sixwind_os
sophos_sfos
supermicro_smis
teldat_cit
tplink_jetstream
ubiquiti_edge
ubiquiti_edgerouter
ubiquiti_edgeswitch
ubiquiti_unifiswitch
vyatta_vyos
vyos
watchguard_fireware
yamaha
zte_zxros
zyxel_os
2024-03-10 11:39:04,004:INFO:Döngü süresi 5 saat olarak ayarlandý. Kontroller baþlatýlýyor...
2024-03-10 11:39:04,005:INFO:10.0.0.1 cihazýna baðlanýlýyor...
2024-03-10 11:39:14,013:INFO:10.0.0.1 cihazýna baðlanýrken hata oluþtu: TCP connection to device failed.

Common causes of this problem are:
1. Incorrect hostname or IP address.
2. Wrong TCP port.
3. Intermediate firewall blocking access.

Device settings: cisco_ios 10.0.0.1:22


2024-03-10 11:39:14,018:INFO:10.0.0.2 cihazýna baðlanýlýyor...
2024-03-10 11:39:24,025:INFO:10.0.0.2 cihazýna baðlanýrken hata oluþtu: TCP connection to device failed.

Common causes of this problem are:
1. Incorrect hostname or IP address.
2. Wrong TCP port.
3. Intermediate firewall blocking access.

Device settings: cisco_ios 10.0.0.2:22


2024-03-10 11:39:24,030:INFO:10.35.17.254 cihazýna baðlanýlýyor...
2024-03-10 11:39:24,034:INFO:10.35.17.254 cihazýna baðlanýrken hata oluþtu: Unsupported 'device_type' currently supported platforms are: 
a10
accedian
adtran_os
adva_fsp150f2
adva_fsp150f3
alcatel_aos
alcatel_sros
allied_telesis_awplus
apresia_aeos
arista_eos
arris_cer
aruba_os
aruba_osswitch
aruba_procurve
audiocode_66
audiocode_72
audiocode_shell
avaya_ers
avaya_vsp
broadcom_icos
brocade_fastiron
brocade_fos
brocade_netiron
brocade_nos
brocade_vdx
brocade_vyos
calix_b6
casa_cmts
cdot_cros
centec_os
checkpoint_gaia
ciena_saos
cisco_asa
cisco_ftd
cisco_ios
cisco_nxos
cisco_s200
cisco_s300
cisco_tp
cisco_viptela
cisco_wlc
cisco_xe
cisco_xr
cloudgenix_ion
coriant
dell_dnos9
dell_force10
dell_isilon
dell_os10
dell_os6
dell_os9
dell_powerconnect
dell_sonic
digi_transport
dlink_ds
eltex
eltex_esr
endace
enterasys
ericsson_ipos
ericsson_mltn63
ericsson_mltn66
extreme
extreme_ers
extreme_exos
extreme_netiron
extreme_nos
extreme_slx
extreme_tierra
extreme_vdx
extreme_vsp
extreme_wing
f5_linux
f5_ltm
f5_tmsh
fiberstore_fsos
flexvnf
fortinet
generic
generic_termserver
hillstone_stoneos
hp_comware
hp_procurve
huawei
huawei_olt
huawei_smartax
huawei_vrp
huawei_vrpv8
ipinfusion_ocnos
juniper
juniper_junos
juniper_screenos
keymile
keymile_nos
linux
maipu
mellanox
mellanox_mlnxos
mikrotik_routeros
mikrotik_switchos
mrv_lx
mrv_optiswitch
netapp_cdot
netgear_prosafe
netscaler
nokia_srl
nokia_sros
oneaccess_oneos
ovs_linux
paloalto_panos
pluribus
quanta_mesh
rad_etx
raisecom_roap
ruckus_fastiron
ruijie_os
sixwind_os
sophos_sfos
supermicro_smis
teldat_cit
tplink_jetstream
ubiquiti_edge
ubiquiti_edgerouter
ubiquiti_edgeswitch
ubiquiti_unifiswitch
vyatta_vyos
vyos
watchguard_fireware
yamaha
zte_zxros
zyxel_os
2024-03-10 11:54:13,548:INFO:Döngü süresi 5 saat olarak ayarlandý. Cihaz baðlantýlarý baþlatýlýyor...
2024-03-10 11:54:13,548:INFO:10.0.0.1 cihazýna baðlanýlýyor...
2024-03-10 11:54:23,568:INFO:10.0.0.1 cihazýna baðlanýrken hata oluþtu: TCP connection to device failed.

Common causes of this problem are:
1. Incorrect hostname or IP address.
2. Wrong TCP port.
3. Intermediate firewall blocking access.

Device settings: cisco_ios 10.0.0.1:22


2024-03-10 11:54:23,573:INFO:10.0.0.2 cihazýna baðlanýlýyor...
2024-03-10 11:54:33,591:INFO:10.0.0.2 cihazýna baðlanýrken hata oluþtu: TCP connection to device failed.

Common causes of this problem are:
1. Incorrect hostname or IP address.
2. Wrong TCP port.
3. Intermediate firewall blocking access.

Device settings: cisco_ios 10.0.0.2:22


2024-03-10 11:54:33,598:INFO:10.35.17.254 cihazýna baðlanýlýyor...
2024-03-10 11:54:35,687:INFO:10.35.17.254 cihazýna baðlanýrken hata oluþtu: TCP connection to device failed.

Common causes of this problem are:
1. Incorrect hostname or IP address.
2. Wrong TCP port.
3. Intermediate firewall blocking access.

Device settings: avaya_vsp 10.35.17.254:22


2024-03-10 11:54:35,696:INFO:10.35.14.254 cihazýna baðlanýlýyor...
2024-03-10 11:54:37,828:INFO:10.35.14.254 cihazýna baðlanýrken hata oluþtu: TCP connection to device failed.

Common causes of this problem are:
1. Incorrect hostname or IP address.
2. Wrong TCP port.
3. Intermediate firewall blocking access.

Device settings: mikrotik_routeros 10.35.14.254:22


2024-03-10 11:56:38,115:INFO:Döngü süresi 5 saat olarak ayarlandý. Cihaz baðlantýlarý baþlatýlýyor...
2024-03-10 11:56:38,115:INFO:10.0.0.1 cihazýna baðlanýlýyor...
2024-03-10 11:56:48,136:INFO:10.0.0.1 cihazýna baðlanýrken hata oluþtu: TCP connection to device failed.

Common causes of this problem are:
1. Incorrect hostname or IP address.
2. Wrong TCP port.
3. Intermediate firewall blocking access.

Device settings: cisco_ios 10.0.0.1:22


2024-03-10 11:56:48,138:INFO:10.0.0.2 cihazýna baðlanýlýyor...
2024-03-10 11:56:58,152:INFO:10.0.0.2 cihazýna baðlanýrken hata oluþtu: TCP connection to device failed.

Common causes of this problem are:
1. Incorrect hostname or IP address.
2. Wrong TCP port.
3. Intermediate firewall blocking access.

Device settings: cisco_ios 10.0.0.2:22


2024-03-10 11:56:58,158:INFO:10.35.17.254 cihazýna baðlanýlýyor...
2024-03-10 11:57:00,283:INFO:10.35.17.254 cihazýna baðlanýrken hata oluþtu: TCP connection to device failed.

Common causes of this problem are:
1. Incorrect hostname or IP address.
2. Wrong TCP port.
3. Intermediate firewall blocking access.

Device settings: avaya_vsp 10.35.17.254:22


2024-03-10 11:57:00,287:INFO:10.35.14.254 cihazýna baðlanýlýyor...
2024-03-10 11:57:02,381:INFO:10.35.14.254 cihazýna baðlanýrken hata oluþtu: TCP connection to device failed.

Common causes of this problem are:
1. Incorrect hostname or IP address.
2. Wrong TCP port.
3. Intermediate firewall blocking access.

Device settings: mikrotik_routeros 10.35.14.254:22


2024-03-10 12:00:55,846:INFO:Döngü süresi 2 saat olarak ayarlandý. Cihaz baðlantýlarý baþlatýlýyor...
2024-03-10 12:00:55,846:INFO:10.0.0.1 cihazýna baðlanýlýyor...
2024-03-10 12:01:05,864:INFO:10.0.0.1 cihazýna baðlanýrken hata oluþtu: TCP connection to device failed.

Common causes of this problem are:
1. Incorrect hostname or IP address.
2. Wrong TCP port.
3. Intermediate firewall blocking access.

Device settings: cisco_ios 10.0.0.1:22


2024-03-10 12:01:05,870:INFO:10.0.0.2 cihazýna baðlanýlýyor...
2024-03-10 12:01:15,885:INFO:10.0.0.2 cihazýna baðlanýrken hata oluþtu: TCP connection to device failed.

Common causes of this problem are:
1. Incorrect hostname or IP address.
2. Wrong TCP port.
3. Intermediate firewall blocking access.

Device settings: cisco_ios 10.0.0.2:22


2024-03-10 12:01:15,890:INFO:10.35.17.254 cihazýna baðlanýlýyor...
2024-03-10 12:01:18,104:INFO:10.35.17.254 cihazýna baðlanýrken hata oluþtu: TCP connection to device failed.

Common causes of this problem are:
1. Incorrect hostname or IP address.
2. Wrong TCP port.
3. Intermediate firewall blocking access.

Device settings: avaya_vsp 10.35.17.254:22


2024-03-10 12:01:18,111:INFO:10.35.14.254 cihazýna baðlanýlýyor...
2024-03-10 12:01:20,217:INFO:10.35.14.254 cihazýna baðlanýrken hata oluþtu: TCP connection to device failed.

Common causes of this problem are:
1. Incorrect hostname or IP address.
2. Wrong TCP port.
3. Intermediate firewall blocking access.

Device settings: mikrotik_routeros 10.35.14.254:22


2024-03-10 13:47:44,729:INFO:Döngü süresi 5 saat olarak ayarlandý. Cihaz baðlantýlarý baþlatýlýyor...
2024-03-10 13:47:44,730:INFO:10.0.0.1 cihazýna baðlanýlýyor...
2024-03-10 13:47:54,747:INFO:10.0.0.1 cihazýna baðlanýrken hata oluþtu: TCP connection to device failed.

Common causes of this problem are:
1. Incorrect hostname or IP address.
2. Wrong TCP port.
3. Intermediate firewall blocking access.

Device settings: cisco_ios 10.0.0.1:22


2024-03-10 13:47:54,754:INFO:10.0.0.2 cihazýna baðlanýlýyor...
2024-03-10 13:48:04,769:INFO:10.0.0.2 cihazýna baðlanýrken hata oluþtu: TCP connection to device failed.

Common causes of this problem are:
1. Incorrect hostname or IP address.
2. Wrong TCP port.
3. Intermediate firewall blocking access.

Device settings: cisco_ios 10.0.0.2:22


2024-03-10 13:48:04,772:INFO:10.35.17.254 cihazýna baðlanýlýyor...
2024-03-10 13:48:14,779:INFO:10.35.17.254 cihazýna baðlanýrken hata oluþtu: TCP connection to device failed.

Common causes of this problem are:
1. Incorrect hostname or IP address.
2. Wrong TCP port.
3. Intermediate firewall blocking access.

Device settings: avaya_vsp 10.35.17.254:22


2024-03-10 13:48:14,787:INFO:10.35.14.254 cihazýna baðlanýlýyor...
2024-03-10 13:48:24,795:INFO:10.35.14.254 cihazýna baðlanýrken hata oluþtu: TCP connection to device failed.

Common causes of this problem are:
1. Incorrect hostname or IP address.
2. Wrong TCP port.
3. Intermediate firewall blocking access.

Device settings: mikrotik_routeros 10.35.14.254:22


